{
  "stats": {
    "suites": 1,
    "tests": 2,
    "passes": 2,
    "pending": 0,
    "failures": 0,
    "start": "2025-09-21T14:17:00.333Z",
    "end": "2025-09-21T14:17:03.245Z",
    "duration": 2912,
    "testsRegistered": 2,
    "passPercent": 100,
    "pendingPercent": 0,
    "other": 0,
    "hasOther": false,
    "skipped": 0,
    "hasSkipped": false
  },
  "results": [
    {
      "uuid": "783c39cc-ad08-4481-b0ed-a93ba22aa036",
      "title": "",
      "fullFile": "cypress/e2e/test1.cy.js",
      "file": "cypress/test1.cy.js",
      "beforeHooks": [],
      "afterHooks": [],
      "tests": [],
      "suites": [
        {
          "uuid": "59fb84a1-0cfb-4114-b60e-c5b0e104517b",
          "title": "finding links on landing page",
          "fullFile": "",
          "file": "",
          "beforeHooks": [],
          "afterHooks": [],
          "tests": [
            {
              "title": "has a button in header",
              "fullTitle": "finding links on landing page has a button in header",
              "timedOut": null,
              "duration": 1686,
              "state": "passed",
              "speed": "fast",
              "pass": true,
              "fail": false,
              "pending": false,
              "context": null,
              "code": "// We use the `cy.get()` command to get all elements that match the selector.\n// Then, we use `should` to assert that there are two matched items,\n// which are the two default items.\ncy.contains('button', 'Sign up');",
              "err": {},
              "uuid": "2601a393-954c-4c3d-9853-f17fc16e3499",
              "parentUUID": "59fb84a1-0cfb-4114-b60e-c5b0e104517b",
              "isHook": false,
              "skipped": false
            },
            {
              "title": "has buttons for social media",
              "fullTitle": "finding links on landing page has buttons for social media",
              "timedOut": null,
              "duration": 1045,
              "state": "passed",
              "speed": "fast",
              "pass": true,
              "fail": false,
              "pending": false,
              "context": null,
              "code": "cy.get('a[href*=\"facebook\"]');\ncy.get('a[href*=\"t.me\"]');\ncy.get('a[href*=\"youtube\"]');\ncy.get('a[href*=\"instagram\"]');\ncy.get('a[href*=\"linkedin\"]');\ncy.get('a[href=\"https://ithillel.ua\"]');\ncy.contains('support@ithillel.ua').as('supportButton');\ncy.get('@supportButton');",
              "err": {},
              "uuid": "ada42ce7-bf5e-4e03-82c5-7ac8d3460290",
              "parentUUID": "59fb84a1-0cfb-4114-b60e-c5b0e104517b",
              "isHook": false,
              "skipped": false
            }
          ],
          "suites": [],
          "passes": [
            "2601a393-954c-4c3d-9853-f17fc16e3499",
            "ada42ce7-bf5e-4e03-82c5-7ac8d3460290"
          ],
          "failures": [],
          "pending": [],
          "skipped": [],
          "duration": 2731,
          "root": false,
          "rootEmpty": false,
          "_timeout": 2000
        }
      ],
      "passes": [],
      "failures": [],
      "pending": [],
      "skipped": [],
      "duration": 0,
      "root": true,
      "rootEmpty": true,
      "_timeout": 2000
    }
  ],
  "meta": {
    "mocha": {
      "version": "7.2.0"
    },
    "mochawesome": {
      "options": {
        "quiet": false,
        "reportFilename": "mochawesome",
        "saveHtml": true,
        "saveJson": true,
        "consoleReporter": "spec",
        "useInlineDiffs": false,
        "code": true
      },
      "version": "7.1.3"
    },
    "marge": {
      "options": null,
      "version": "6.2.0"
    }
  }
}